<?xml version="1.0" encoding="UTF-8"?>
<testsuite name="tests.StudentRecordsShould" tests="3" skipped="0" failures="0" errors="0" timestamp="2022-07-11T17:10:45" hostname="DESKTOP-898HIR8" time="3.807">
  <properties/>
  <testcase name="[1] sneft1 KNI 9 10 8 8 10 9 6 7 7 6 9 9 7 7 10 9 6 10 10 8 6 7 9 7 9 7 6, 1" classname="tests.StudentRecordsShould" time="3.788"/>
  <testcase name="[2] zriou9 PET 8 7 8 6 9 6 8 7 9&#13;&#10;cfsxo2 IKI 7 7 9 6 9 9 7 8 8 8 8 7 10 9 8 10 9 9, 2" classname="tests.StudentRecordsShould" time="0.009"/>
  <testcase name="[3] , 0" classname="tests.StudentRecordsShould" time="0.003"/>
  <system-out><![CDATA[]]></system-out>
  <system-err><![CDATA[]]></system-err>
</testsuite>
