<?xml version="1.0" encoding="UTF-8"?>
<testsuite name="tests.StudentRecordsShould" tests="2" skipped="0" failures="0" errors="0" timestamp="2022-07-12T23:45:37" hostname="DESKTOP-898HIR8" time="0.258">
  <properties/>
  <testcase name="[1]" classname="tests.StudentRecordsShould" time="0.218"/>
  <testcase name="[2]" classname="tests.StudentRecordsShould" time="0.022"/>
  <system-out><![CDATA[]]></system-out>
  <system-err><![CDATA[]]></system-err>
</testsuite>
